




2023-04-10T23:15:06Z Aurum Crypto Gold version v2.1.0.0-460d9d0-dirty (release build)
2023-04-10T23:15:06Z Assuming ancestors of block 00000000002b31d941c6fd380764e801fb40d8ac58e4f5ea0861bde774fc2627 have valid signatures.
2023-04-10T23:15:06Z Setting nMinimumChainWork=0000000000000000000000000000000000000000000000000b166a6db72b4977
2023-04-10T23:15:06Z Using the 'sse4(1way),sse41(4way),avx2(8way)' SHA256 implementation
2023-04-10T23:15:06Z Using RdSeed as additional entropy source
2023-04-10T23:15:06Z Using RdRand as an additional entropy source
2023-04-10T23:15:06Z Default data directory /root/.aurum
2023-04-10T23:15:06Z Using data directory /root/.aurum
2023-04-10T23:15:06Z Config file: /root/.aurum/aurum.conf
2023-04-10T23:15:06Z Using at most 125 automatic connections (1024 file descriptors available)
2023-04-10T23:15:06Z Using 16 MiB out of 32/2 requested for signature cache, able to store 524288 elements
2023-04-10T23:15:06Z Using 16 MiB out of 32/2 requested for script execution cache, able to store 524288 elements
2023-04-10T23:15:06Z Using 8 threads for script verification
2023-04-10T23:15:06Z scheduler thread start
2023-04-10T23:15:06Z WARNING: option -rpcallowip was specified without -rpcbind; this doesn't usually make sense
2023-04-10T23:15:06Z libevent: getaddrinfo: address family for nodename not supported
2023-04-10T23:15:06Z Binding RPC on address ::1 port 9888 failed.
2023-04-10T23:15:06Z HTTP: creating work queue of depth 16
2023-04-10T23:15:06Z Config options rpcuser and rpcpassword will soon be deprecated. Locally-run instances may remove rpcuser to use cookie-based auth, or may be replaced with rpcauth. Please see share/rpcauth for rpcauth auth generation.
2023-04-10T23:15:06Z HTTP: starting 4 worker threads
2023-04-10T23:15:06Z Using wallet directory /root/.aurum
2023-04-10T23:15:06Z init message: Verifying wallet(s)...
2023-04-10T23:15:06Z Using BerkeleyDB version Berkeley DB 4.8.30: (April  9, 2010)
2023-04-10T23:15:06Z Using wallet /root/.aurum
2023-04-10T23:15:06Z BerkeleyEnvironment::Open: LogDir=/root/.aurum/database ErrorFile=/root/.aurum/db.log
2023-04-10T23:15:07Z init message: Loading banlist...
2023-04-10T23:15:07Z ERROR: DeserializeFileDB: Failed to open file /root/.aurum/banlist.dat
2023-04-10T23:15:07Z Invalid or missing banlist.dat; recreating
2023-04-10T23:15:07Z Cache configuration:
2023-04-10T23:15:07Z * Using 2.0 MiB for block index database
2023-04-10T23:15:07Z * Using 56.0 MiB for transaction index database
2023-04-10T23:15:07Z * Using 8.0 MiB for chain state database
2023-04-10T23:15:07Z * Using 384.0 MiB for in-memory UTXO set (plus up to 286.1 MiB of unused mempool space)
2023-04-10T23:15:07Z init message: Loading block index...
2023-04-10T23:15:07Z Opening LevelDB in /root/.aurum/blocks/index
2023-04-10T23:15:07Z Opened LevelDB successfully
2023-04-10T23:15:07Z Using obfuscation key for /root/.aurum/blocks/index: 0000000000000000
2023-04-10T23:15:08Z LoadBlockIndexDB: last block file = 0
2023-04-10T23:15:08Z LoadBlockIndexDB: last block file info: CBlockFileInfo(blocks=46696, size=20805913, heights=0...46695, time=2022-06-25...2023-04-10)
2023-04-10T23:15:08Z Checking all blk files are present...
2023-04-10T23:15:08Z Opening LevelDB in /root/.aurum/chainstate
2023-04-10T23:15:08Z Opened LevelDB successfully
2023-04-10T23:15:08Z Using obfuscation key for /root/.aurum/chainstate: 9adee556b5ce9d60
2023-04-10T23:15:08Z Loaded best chain: hashBestChain=0000000000000001b84bc9e98329e3beab638c371bf6c28fb053ae7fc3e05a64 height=46695 date=2023-04-10T22:05:05Z progress=0.999832
2023-04-10T23:15:08Z init message: Rewinding blocks...
2023-04-10T23:15:08Z init message: Verifying blocks...
2023-04-10T23:15:08Z Verifying last 6 blocks at level 3
2023-04-10T23:15:08Z [0%]...[16%]...[33%]...[50%]...[66%]...[83%]...[99%]...[DONE].
2023-04-10T23:15:08Z No coin database inconsistencies in last 6 blocks (11 transactions)
2023-04-10T23:15:08Z  block index             947ms
2023-04-10T23:15:08Z Opening LevelDB in /root/.aurum/indexes/txindex
2023-04-10T23:15:08Z Opened LevelDB successfully
2023-04-10T23:15:08Z Using obfuscation key for /root/.aurum/indexes/txindex: 0000000000000000
2023-04-10T23:15:08Z init message: Loading wallet...
2023-04-10T23:15:08Z txindex thread start
2023-04-10T23:15:08Z BerkeleyEnvironment::Open: LogDir=/root/.aurum/database ErrorFile=/root/.aurum/db.log
2023-04-10T23:15:08Z [default wallet] Wallet File Version = 10500
2023-04-10T23:15:08Z [default wallet] Keys: 0 plaintext, 0 encrypted, 0 w/ metadata, 0 total. Unknown wallet records: 0
2023-04-10T23:15:08Z [default wallet] Performing wallet upgrade to 169900
2023-04-10T23:15:08Z Syncing txindex with block chain from height 0
2023-04-10T23:15:11Z [default wallet] keypool added 2000 keys (1000 internal), size=2000 (1000 internal)
2023-04-10T23:15:11Z [default wallet] Wallet completed loading in            3174ms
2023-04-10T23:15:11Z [default wallet] setKeyPool.size() = 2000
2023-04-10T23:15:11Z [default wallet] mapWallet.size() = 0
2023-04-10T23:15:11Z [default wallet] mapAddressBook.size() = 0
2023-04-10T23:15:11Z block tree size = 46696
2023-04-10T23:15:11Z nBestHeight = 46695
2023-04-10T23:15:11Z torcontrol thread start
2023-04-10T23:15:11Z AddLocal(161.97.83.204:9889,1)
2023-04-10T23:15:11Z Discover: IPv4 eth0: 161.97.83.204
2023-04-10T23:15:11Z Bound to [::]:9889
2023-04-10T23:15:11Z Bound to 0.0.0.0:9889
2023-04-10T23:15:11Z init message: Loading P2P addresses...
2023-04-10T23:15:11Z ERROR: DeserializeFileDB: Failed to open file /root/.aurum/peers.dat
2023-04-10T23:15:11Z Invalid or missing peers.dat; recreating
2023-04-10T23:15:11Z Failed to open mempool file from disk. Continuing anyway.
2023-04-10T23:15:11Z init message: Starting network threads...
2023-04-10T23:15:11Z net thread start
2023-04-10T23:15:11Z addcon thread start
2023-04-10T23:15:11Z dnsseed thread start
2023-04-10T23:15:11Z init message: Done loading
2023-04-10T23:15:11Z opencon thread start
2023-04-10T23:15:11Z msghand thread start
2023-04-10T23:15:11Z Loading addresses from DNS seed node04.aurumcrypto.gold
2023-04-10T23:15:11Z Loading addresses from DNS seed node01.aurumcrypto.gold
2023-04-10T23:15:11Z Loading addresses from DNS seed node03.aurumcrypto.gold
2023-04-10T23:15:11Z Loading addresses from DNS seed node02.aurumcrypto.gold
2023-04-10T23:15:11Z 0 addresses found from DNS seeds
2023-04-10T23:15:11Z dnsseed thread exit
2023-04-10T23:15:12Z txindex is enabled at height 46695
2023-04-10T23:15:12Z txindex thread exit
2023-04-10T23:15:12Z Leaving InitialBlockDownload (latching to false)
2023-04-10T23:15:12Z CreateNewBlock(): block weight: 812 txs: 0 fees: 0 sigops 400
2023-04-10T23:15:12Z New outbound peer connected: version: 70022, blocks=46695, peer=0 (full-relay)
2023-04-10T23:15:13Z New outbound peer connected: version: 70022, blocks=46695, peer=1 (full-relay)
2023-04-10T23:15:13Z New outbound peer connected: version: 70022, blocks=46695, peer=3 (full-relay)
2023-04-10T23:15:14Z New outbound peer connected: version: 70022, blocks=46695, peer=2 (full-relay)
2023-04-10T23:15:14Z New outbound peer connected: version: 70022, blocks=46695, peer=4 (full-relay)
2023-04-10T23:15:14Z New outbound peer connected: version: 70022, blocks=46695, peer=5 (full-relay)
2023-04-10T23:15:16Z New outbound peer connected: version: 70022, blocks=46695, peer=6 (full-relay)
2023-04-10T23:15:16Z New outbound peer connected: version: 70022, blocks=46695, peer=7 (full-relay)
2023-04-10T23:15:39Z ERROR: AcceptBlockHeader: Consensus::ContextualCheckBlockHeader: 00000000000000009f0e4902adc73b6e47ca2dd096cfec78ec3866396d2fa5c2, bad-diffbits, incorrect proof of work (code 16)
2023-04-10T23:16:06Z Using BerkeleyDB version Berkeley DB 4.8.30: (April  9, 2010)
2023-04-10T23:16:06Z Using wallet /root/.aurum/wallet
2023-04-10T23:16:06Z BerkeleyEnvironment::Open: LogDir=/root/.aurum/wallet/database ErrorFile=/root/.aurum/wallet/db.log
2023-04-10T23:16:06Z init message: Loading wallet...
2023-04-10T23:16:06Z BerkeleyEnvironment::Open: LogDir=/root/.aurum/wallet/database ErrorFile=/root/.aurum/wallet/db.log
2023-04-10T23:16:06Z [wallet] Wallet File Version = 10500
2023-04-10T23:16:06Z [wallet] Keys: 0 plaintext, 0 encrypted, 0 w/ metadata, 0 total. Unknown wallet records: 0
2023-04-10T23:16:06Z [wallet] Performing wallet upgrade to 169900
2023-04-10T23:16:09Z [wallet] keypool added 2000 keys (1000 internal), size=2000 (1000 internal)
2023-04-10T23:16:09Z [wallet] Wallet completed loading in            2765ms
2023-04-10T23:16:09Z [wallet] setKeyPool.size() = 2000
2023-04-10T23:16:09Z [wallet] mapWallet.size() = 0
2023-04-10T23:16:09Z [wallet] mapAddressBook.size() = 0
2023-04-10T23:16:51Z tor: Thread interrupt
2023-04-10T23:16:51Z torcontrol thread exit
2023-04-10T23:16:51Z addcon thread exit
2023-04-10T23:16:51Z Shutdown: In progress...
2023-04-10T23:16:51Z msghand thread exit
2023-04-10T23:16:51Z net thread exit
2023-04-10T23:16:54Z opencon thread exit
2023-04-10T23:16:54Z scheduler thread interrupt
2023-04-10T23:16:54Z Dumped mempool: 2.6e-05s to copy, 0.002671s to dump
2023-04-10T23:16:54Z [wallet] Releasing wallet
2023-04-10T23:16:54Z [default wallet] Releasing wallet
2023-04-10T23:16:54Z Shutdown: done





2023-04-10T23:17:17Z Aurum Crypto Gold version v2.1.0.0-460d9d0-dirty (release build)
2023-04-10T23:17:17Z Assuming ancestors of block 00000000002b31d941c6fd380764e801fb40d8ac58e4f5ea0861bde774fc2627 have valid signatures.
2023-04-10T23:17:17Z Setting nMinimumChainWork=0000000000000000000000000000000000000000000000000b166a6db72b4977
2023-04-10T23:17:17Z Using the 'sse4(1way),sse41(4way),avx2(8way)' SHA256 implementation
2023-04-10T23:17:17Z Using RdSeed as additional entropy source
2023-04-10T23:17:17Z Using RdRand as an additional entropy source
2023-04-10T23:17:17Z Default data directory /root/.aurum
2023-04-10T23:17:17Z Using data directory /root/.aurum
2023-04-10T23:17:17Z Config file: /root/.aurum/aurum.conf
2023-04-10T23:17:17Z Using at most 125 automatic connections (1024 file descriptors available)
2023-04-10T23:17:17Z Using 16 MiB out of 32/2 requested for signature cache, able to store 524288 elements
2023-04-10T23:17:17Z Using 16 MiB out of 32/2 requested for script execution cache, able to store 524288 elements
2023-04-10T23:17:17Z Using 8 threads for script verification
2023-04-10T23:17:17Z scheduler thread start
2023-04-10T23:17:17Z WARNING: option -rpcallowip was specified without -rpcbind; this doesn't usually make sense
2023-04-10T23:17:17Z libevent: getaddrinfo: address family for nodename not supported
2023-04-10T23:17:17Z Binding RPC on address ::1 port 9888 failed.
2023-04-10T23:17:17Z HTTP: creating work queue of depth 16
2023-04-10T23:17:17Z Config options rpcuser and rpcpassword will soon be deprecated. Locally-run instances may remove rpcuser to use cookie-based auth, or may be replaced with rpcauth. Please see share/rpcauth for rpcauth auth generation.
2023-04-10T23:17:17Z HTTP: starting 4 worker threads
2023-04-10T23:17:17Z Using wallet directory /root/.aurum
2023-04-10T23:17:17Z init message: Verifying wallet(s)...
2023-04-10T23:17:17Z Using BerkeleyDB version Berkeley DB 4.8.30: (April  9, 2010)
2023-04-10T23:17:17Z Using wallet /root/.aurum/wallet/
2023-04-10T23:17:17Z BerkeleyEnvironment::Open: LogDir=/root/.aurum/wallet/database ErrorFile=/root/.aurum/wallet/db.log
2023-04-10T23:17:17Z init message: Loading banlist...
2023-04-10T23:17:17Z Cache configuration:
2023-04-10T23:17:17Z * Using 2.0 MiB for block index database
2023-04-10T23:17:17Z * Using 56.0 MiB for transaction index database
2023-04-10T23:17:17Z * Using 8.0 MiB for chain state database
2023-04-10T23:17:17Z * Using 384.0 MiB for in-memory UTXO set (plus up to 286.1 MiB of unused mempool space)
2023-04-10T23:17:17Z init message: Loading block index...
2023-04-10T23:17:17Z Opening LevelDB in /root/.aurum/blocks/index
2023-04-10T23:17:17Z Opened LevelDB successfully
2023-04-10T23:17:17Z Using obfuscation key for /root/.aurum/blocks/index: 0000000000000000
2023-04-10T23:17:18Z LoadBlockIndexDB: last block file = 0
2023-04-10T23:17:18Z LoadBlockIndexDB: last block file info: CBlockFileInfo(blocks=46696, size=20805913, heights=0...46695, time=2022-06-25...2023-04-10)
2023-04-10T23:17:18Z Checking all blk files are present...
2023-04-10T23:17:18Z Opening LevelDB in /root/.aurum/chainstate
2023-04-10T23:17:18Z Opened LevelDB successfully
2023-04-10T23:17:18Z Using obfuscation key for /root/.aurum/chainstate: 9adee556b5ce9d60
2023-04-10T23:17:18Z Loaded best chain: hashBestChain=0000000000000001b84bc9e98329e3beab638c371bf6c28fb053ae7fc3e05a64 height=46695 date=2023-04-10T22:05:05Z progress=0.999827
2023-04-10T23:17:18Z init message: Rewinding blocks...
2023-04-10T23:17:18Z init message: Verifying blocks...
2023-04-10T23:17:18Z Verifying last 6 blocks at level 3
2023-04-10T23:17:18Z [0%]...[16%]...[33%]...[50%]...[66%]...[83%]...[99%]...[DONE].
2023-04-10T23:17:18Z No coin database inconsistencies in last 6 blocks (11 transactions)
2023-04-10T23:17:18Z  block index             486ms
2023-04-10T23:17:18Z Opening LevelDB in /root/.aurum/indexes/txindex
2023-04-10T23:17:18Z Opened LevelDB successfully
2023-04-10T23:17:18Z Using obfuscation key for /root/.aurum/indexes/txindex: 0000000000000000
2023-04-10T23:17:18Z init message: Loading wallet...
2023-04-10T23:17:18Z txindex thread start
2023-04-10T23:17:18Z txindex is enabled at height 46695
2023-04-10T23:17:18Z txindex thread exit
2023-04-10T23:17:18Z BerkeleyEnvironment::Open: LogDir=/root/.aurum/wallet/database ErrorFile=/root/.aurum/wallet/db.log
2023-04-10T23:17:18Z [/root/.aurum/wallet/] Wallet File Version = 169900
2023-04-10T23:17:18Z [/root/.aurum/wallet/] Keys: 2001 plaintext, 0 encrypted, 2001 w/ metadata, 2001 total. Unknown wallet records: 0
2023-04-10T23:17:18Z [/root/.aurum/wallet/] Wallet completed loading in             108ms
2023-04-10T23:17:18Z [/root/.aurum/wallet/] setKeyPool.size() = 2000
2023-04-10T23:17:18Z [/root/.aurum/wallet/] mapWallet.size() = 0
2023-04-10T23:17:18Z [/root/.aurum/wallet/] mapAddressBook.size() = 0
2023-04-10T23:17:18Z block tree size = 46696
2023-04-10T23:17:18Z nBestHeight = 46695
2023-04-10T23:17:18Z torcontrol thread start
2023-04-10T23:17:18Z Imported mempool transactions from disk: 0 succeeded, 0 failed, 0 expired, 0 already there
2023-04-10T23:17:18Z AddLocal(161.97.83.204:9889,1)
2023-04-10T23:17:18Z Discover: IPv4 eth0: 161.97.83.204
2023-04-10T23:17:18Z Bound to [::]:9889
2023-04-10T23:17:18Z Bound to 0.0.0.0:9889
2023-04-10T23:17:18Z init message: Loading P2P addresses...
2023-04-10T23:17:18Z Loaded 126 addresses from peers.dat  1ms
2023-04-10T23:17:18Z init message: Starting network threads...
2023-04-10T23:17:18Z net thread start
2023-04-10T23:17:18Z dnsseed thread start
2023-04-10T23:17:18Z addcon thread start
2023-04-10T23:17:18Z init message: Done loading
2023-04-10T23:17:18Z msghand thread start
2023-04-10T23:17:18Z opencon thread start
2023-04-10T23:17:19Z Leaving InitialBlockDownload (latching to false)
2023-04-10T23:17:23Z [/root/.aurum/wallet/] keypool reserve 1
2023-04-10T23:17:23Z [/root/.aurum/wallet/] keypool keep 1
2023-04-10T23:17:24Z [/root/.aurum/wallet/] keypool added 1 keys (0 internal), size=2000 (1000 internal)
2023-04-10T23:17:24Z [/root/.aurum/wallet/] keypool reserve 2
2023-04-10T23:17:24Z [/root/.aurum/wallet/] keypool keep 2
2023-04-10T23:17:25Z CreateNewBlock(): block weight: 812 txs: 0 fees: 0 sigops 400
2023-04-10T23:17:25Z New outbound peer connected: version: 70022, blocks=46695, peer=0 (full-relay)
2023-04-10T23:17:26Z [/root/.aurum/wallet/] keypool added 1 keys (0 internal), size=2000 (1000 internal)
2023-04-10T23:17:26Z [/root/.aurum/wallet/] keypool reserve 3
2023-04-10T23:17:26Z [/root/.aurum/wallet/] keypool keep 3
2023-04-10T23:17:29Z Loading addresses from DNS seed node03.aurumcrypto.gold
2023-04-10T23:17:29Z Loading addresses from DNS seed node02.aurumcrypto.gold
2023-04-10T23:17:29Z Loading addresses from DNS seed node01.aurumcrypto.gold
2023-04-10T23:17:31Z New outbound peer connected: version: 70022, blocks=46695, peer=1 (full-relay)
2023-04-10T23:17:37Z New outbound peer connected: version: 70022, blocks=46695, peer=2 (full-relay)
2023-04-10T23:17:37Z Failed to open new connection, already connected
2023-04-10T23:17:37Z New outbound peer connected: version: 70022, blocks=46695, peer=3 (full-relay)
2023-04-10T23:17:40Z P2P peers available. Skipped DNS seeding.
2023-04-10T23:17:40Z dnsseed thread exit
2023-04-10T23:18:37Z tor: Thread interrupt
2023-04-10T23:18:37Z Shutdown: In progress...
2023-04-10T23:18:37Z torcontrol thread exit
2023-04-10T23:18:37Z addcon thread exit
2023-04-10T23:18:37Z net thread exit
2023-04-10T23:18:37Z msghand thread exit
2023-04-10T23:18:41Z opencon thread exit
2023-04-10T23:18:41Z scheduler thread interrupt
2023-04-10T23:18:41Z Dumped mempool: 1.5e-05s to copy, 0.001781s to dump
2023-04-10T23:18:41Z [/root/.aurum/wallet/] Releasing wallet
2023-04-10T23:18:41Z Shutdown: done





2023-04-10T23:20:46Z Aurum Crypto Gold version v2.1.0.0-460d9d0-dirty (release build)
2023-04-10T23:20:46Z Assuming ancestors of block 00000000002b31d941c6fd380764e801fb40d8ac58e4f5ea0861bde774fc2627 have valid signatures.
2023-04-10T23:20:46Z Setting nMinimumChainWork=0000000000000000000000000000000000000000000000000b166a6db72b4977
2023-04-10T23:20:46Z Using the 'sse4(1way),sse41(4way),avx2(8way)' SHA256 implementation
2023-04-10T23:20:46Z Using RdSeed as additional entropy source
2023-04-10T23:20:46Z Using RdRand as an additional entropy source
2023-04-10T23:20:46Z Default data directory /root/.aurum
2023-04-10T23:20:46Z Using data directory /root/.aurum
2023-04-10T23:20:46Z Config file: /root/.aurum/aurum.conf
2023-04-10T23:20:46Z Using at most 125 automatic connections (1024 file descriptors available)
2023-04-10T23:20:47Z Using 16 MiB out of 32/2 requested for signature cache, able to store 524288 elements
2023-04-10T23:20:47Z Using 16 MiB out of 32/2 requested for script execution cache, able to store 524288 elements
2023-04-10T23:20:47Z Using 8 threads for script verification
2023-04-10T23:20:47Z scheduler thread start
2023-04-10T23:20:47Z WARNING: option -rpcallowip was specified without -rpcbind; this doesn't usually make sense
2023-04-10T23:20:47Z libevent: getaddrinfo: address family for nodename not supported
2023-04-10T23:20:47Z Binding RPC on address ::1 port 9888 failed.
2023-04-10T23:20:47Z HTTP: creating work queue of depth 16
2023-04-10T23:20:47Z Config options rpcuser and rpcpassword will soon be deprecated. Locally-run instances may remove rpcuser to use cookie-based auth, or may be replaced with rpcauth. Please see share/rpcauth for rpcauth auth generation.
2023-04-10T23:20:47Z HTTP: starting 4 worker threads
2023-04-10T23:20:47Z Using wallet directory /root/.aurum
2023-04-10T23:20:47Z init message: Verifying wallet(s)...
2023-04-10T23:20:47Z Using BerkeleyDB version Berkeley DB 4.8.30: (April  9, 2010)
2023-04-10T23:20:47Z Using wallet /root/.aurum/wallet/
2023-04-10T23:20:47Z BerkeleyEnvironment::Open: LogDir=/root/.aurum/wallet/database ErrorFile=/root/.aurum/wallet/db.log
2023-04-10T23:20:47Z init message: Loading banlist...
2023-04-10T23:20:47Z Cache configuration:
2023-04-10T23:20:47Z * Using 2.0 MiB for block index database
2023-04-10T23:20:47Z * Using 56.0 MiB for transaction index database
2023-04-10T23:20:47Z * Using 8.0 MiB for chain state database
2023-04-10T23:20:47Z * Using 384.0 MiB for in-memory UTXO set (plus up to 286.1 MiB of unused mempool space)
2023-04-10T23:20:47Z init message: Loading block index...
2023-04-10T23:20:47Z Opening LevelDB in /root/.aurum/blocks/index
2023-04-10T23:20:47Z Opened LevelDB successfully
2023-04-10T23:20:47Z Using obfuscation key for /root/.aurum/blocks/index: 0000000000000000
2023-04-10T23:20:47Z LoadBlockIndexDB: last block file = 0
2023-04-10T23:20:47Z LoadBlockIndexDB: last block file info: CBlockFileInfo(blocks=46696, size=20805913, heights=0...46695, time=2022-06-25...2023-04-10)
2023-04-10T23:20:47Z Checking all blk files are present...
2023-04-10T23:20:47Z Opening LevelDB in /root/.aurum/chainstate
2023-04-10T23:20:47Z Opened LevelDB successfully
2023-04-10T23:20:47Z Using obfuscation key for /root/.aurum/chainstate: 9adee556b5ce9d60
2023-04-10T23:20:47Z Loaded best chain: hashBestChain=0000000000000001b84bc9e98329e3beab638c371bf6c28fb053ae7fc3e05a64 height=46695 date=2023-04-10T22:05:05Z progress=0.999819
2023-04-10T23:20:47Z init message: Rewinding blocks...
2023-04-10T23:20:47Z init message: Verifying blocks...
2023-04-10T23:20:47Z Verifying last 6 blocks at level 3
2023-04-10T23:20:47Z [0%]...[16%]...[33%]...[50%]...[66%]...[83%]...[99%]...[DONE].
2023-04-10T23:20:47Z No coin database inconsistencies in last 6 blocks (11 transactions)
2023-04-10T23:20:47Z  block index             494ms
2023-04-10T23:20:47Z Opening LevelDB in /root/.aurum/indexes/txindex
2023-04-10T23:20:47Z Opened LevelDB successfully
2023-04-10T23:20:47Z Using obfuscation key for /root/.aurum/indexes/txindex: 0000000000000000
2023-04-10T23:20:47Z init message: Loading wallet...
2023-04-10T23:20:47Z txindex thread start
2023-04-10T23:20:47Z txindex is enabled at height 46695
2023-04-10T23:20:47Z txindex thread exit
2023-04-10T23:20:47Z BerkeleyEnvironment::Open: LogDir=/root/.aurum/wallet/database ErrorFile=/root/.aurum/wallet/db.log
2023-04-10T23:20:48Z [/root/.aurum/wallet/] Wallet File Version = 169900
2023-04-10T23:20:48Z [/root/.aurum/wallet/] Keys: 2003 plaintext, 0 encrypted, 2003 w/ metadata, 2003 total. Unknown wallet records: 0
2023-04-10T23:20:48Z [/root/.aurum/wallet/] Wallet completed loading in             224ms
2023-04-10T23:20:48Z [/root/.aurum/wallet/] keypool added 1 keys (0 internal), size=2000 (1000 internal)
2023-04-10T23:20:48Z [/root/.aurum/wallet/] setKeyPool.size() = 2000
2023-04-10T23:20:48Z [/root/.aurum/wallet/] mapWallet.size() = 0
2023-04-10T23:20:48Z [/root/.aurum/wallet/] mapAddressBook.size() = 3
2023-04-10T23:20:48Z block tree size = 46696
2023-04-10T23:20:48Z nBestHeight = 46695
2023-04-10T23:20:48Z Imported mempool transactions from disk: 0 succeeded, 0 failed, 0 expired, 0 already there
2023-04-10T23:20:48Z torcontrol thread start
2023-04-10T23:20:48Z AddLocal(161.97.83.204:9889,1)
2023-04-10T23:20:48Z Discover: IPv4 eth0: 161.97.83.204
2023-04-10T23:20:48Z Bound to [::]:9889
2023-04-10T23:20:48Z Bound to 0.0.0.0:9889
2023-04-10T23:20:48Z init message: Loading P2P addresses...
2023-04-10T23:20:48Z Loaded 143 addresses from peers.dat  1ms
2023-04-10T23:20:48Z init message: Starting network threads...
2023-04-10T23:20:48Z net thread start
2023-04-10T23:20:48Z dnsseed thread start
2023-04-10T23:20:48Z addcon thread start
2023-04-10T23:20:48Z init message: Done loading
2023-04-10T23:20:48Z opencon thread start
2023-04-10T23:20:48Z msghand thread start
2023-04-10T23:20:48Z Leaving InitialBlockDownload (latching to false)
2023-04-10T23:20:48Z CreateNewBlock(): block weight: 812 txs: 0 fees: 0 sigops 400
2023-04-10T23:20:48Z New outbound peer connected: version: 70022, blocks=46695, peer=0 (full-relay)
2023-04-10T23:20:49Z New outbound peer connected: version: 70022, blocks=46695, peer=1 (full-relay)
2023-04-10T23:20:56Z ERROR: AcceptBlockHeader: Consensus::ContextualCheckBlockHeader: 00000000000000009f0e4902adc73b6e47ca2dd096cfec78ec3866396d2fa5c2, bad-diffbits, incorrect proof of work (code 16)
2023-04-10T23:20:59Z P2P peers available. Skipped DNS seeding.
2023-04-10T23:20:59Z dnsseed thread exit
2023-04-10T23:21:01Z New outbound peer connected: version: 70022, blocks=46695, peer=3 (full-relay)
2023-04-10T23:21:02Z New outbound peer connected: version: 70022, blocks=46695, peer=4 (full-relay)
2023-04-10T23:21:16Z ERROR: AcceptBlockHeader: Consensus::ContextualCheckBlockHeader: 00000000000000009f0e4902adc73b6e47ca2dd096cfec78ec3866396d2fa5c2, bad-diffbits, incorrect proof of work (code 16)
2023-04-10T23:21:36Z ERROR: AcceptBlockHeader: Consensus::ContextualCheckBlockHeader: 00000000000000009f0e4902adc73b6e47ca2dd096cfec78ec3866396d2fa5c2, bad-diffbits, incorrect proof of work (code 16)
2023-04-10T23:25:05Z tor: Thread interrupt
2023-04-10T23:25:05Z Shutdown: In progress...
2023-04-10T23:25:05Z addcon thread exit
2023-04-10T23:25:05Z torcontrol thread exit
2023-04-10T23:25:05Z opencon thread exit
2023-04-10T23:25:05Z net thread exit
2023-04-10T23:25:05Z msghand thread exit
2023-04-10T23:25:05Z scheduler thread interrupt
2023-04-10T23:25:05Z Dumped mempool: 0.000165s to copy, 0.010424s to dump
2023-04-10T23:25:06Z [/root/.aurum/wallet/] Releasing wallet
2023-04-10T23:25:06Z Shutdown: done





2023-04-10T23:26:03Z Aurum Crypto Gold version v2.1.0.0-460d9d0-dirty (release build)
2023-04-10T23:26:03Z Assuming ancestors of block 00000000002b31d941c6fd380764e801fb40d8ac58e4f5ea0861bde774fc2627 have valid signatures.
2023-04-10T23:26:03Z Setting nMinimumChainWork=0000000000000000000000000000000000000000000000000b166a6db72b4977
2023-04-10T23:26:03Z Using the 'sse4(1way),sse41(4way),avx2(8way)' SHA256 implementation
2023-04-10T23:26:03Z Using RdSeed as additional entropy source
2023-04-10T23:26:03Z Using RdRand as an additional entropy source
2023-04-10T23:26:03Z Default data directory /root/.aurum
2023-04-10T23:26:03Z Using data directory /root/.aurum
2023-04-10T23:26:03Z Config file: /root/.aurum/aurum.conf
2023-04-10T23:26:03Z Using at most 125 automatic connections (1024 file descriptors available)
2023-04-10T23:26:03Z Using 16 MiB out of 32/2 requested for signature cache, able to store 524288 elements
2023-04-10T23:26:03Z Using 16 MiB out of 32/2 requested for script execution cache, able to store 524288 elements
2023-04-10T23:26:03Z Using 8 threads for script verification
2023-04-10T23:26:03Z scheduler thread start
2023-04-10T23:26:03Z WARNING: option -rpcallowip was specified without -rpcbind; this doesn't usually make sense
2023-04-10T23:26:03Z libevent: getaddrinfo: address family for nodename not supported
2023-04-10T23:26:03Z Binding RPC on address ::1 port 9888 failed.
2023-04-10T23:26:03Z HTTP: creating work queue of depth 16
2023-04-10T23:26:03Z Config options rpcuser and rpcpassword will soon be deprecated. Locally-run instances may remove rpcuser to use cookie-based auth, or may be replaced with rpcauth. Please see share/rpcauth for rpcauth auth generation.
2023-04-10T23:26:03Z HTTP: starting 4 worker threads
2023-04-10T23:26:03Z Using wallet directory /root/.aurum
2023-04-10T23:26:03Z init message: Verifying wallet(s)...
2023-04-10T23:26:03Z Using BerkeleyDB version Berkeley DB 4.8.30: (April  9, 2010)
2023-04-10T23:26:03Z Using wallet /root/.aurum/wallet/
2023-04-10T23:26:03Z BerkeleyEnvironment::Open: LogDir=/root/.aurum/wallet/database ErrorFile=/root/.aurum/wallet/db.log
2023-04-10T23:26:03Z init message: Loading banlist...
2023-04-10T23:26:03Z Cache configuration:
2023-04-10T23:26:03Z * Using 2.0 MiB for block index database
2023-04-10T23:26:03Z * Using 56.0 MiB for transaction index database
2023-04-10T23:26:03Z * Using 8.0 MiB for chain state database
2023-04-10T23:26:03Z * Using 384.0 MiB for in-memory UTXO set (plus up to 286.1 MiB of unused mempool space)
2023-04-10T23:26:03Z init message: Loading block index...
2023-04-10T23:26:03Z Opening LevelDB in /root/.aurum/blocks/index
2023-04-10T23:26:03Z Opened LevelDB successfully
2023-04-10T23:26:03Z Using obfuscation key for /root/.aurum/blocks/index: 0000000000000000
2023-04-10T23:26:04Z LoadBlockIndexDB: last block file = 0
2023-04-10T23:26:04Z LoadBlockIndexDB: last block file info: CBlockFileInfo(blocks=46696, size=20805913, heights=0...46695, time=2022-06-25...2023-04-10)
2023-04-10T23:26:04Z Checking all blk files are present...
2023-04-10T23:26:04Z Opening LevelDB in /root/.aurum/chainstate
2023-04-10T23:26:04Z Opened LevelDB successfully
2023-04-10T23:26:04Z Using obfuscation key for /root/.aurum/chainstate: 9adee556b5ce9d60
2023-04-10T23:26:04Z Loaded best chain: hashBestChain=0000000000000001b84bc9e98329e3beab638c371bf6c28fb053ae7fc3e05a64 height=46695 date=2023-04-10T22:05:05Z progress=0.999806
2023-04-10T23:26:04Z init message: Rewinding blocks...
2023-04-10T23:26:04Z init message: Verifying blocks...
2023-04-10T23:26:04Z Verifying last 6 blocks at level 3
2023-04-10T23:26:04Z [0%]...[16%]...[33%]...[50%]...[66%]...[83%]...[99%]...[DONE].
2023-04-10T23:26:04Z No coin database inconsistencies in last 6 blocks (11 transactions)
2023-04-10T23:26:04Z  block index             526ms
2023-04-10T23:26:04Z Opening LevelDB in /root/.aurum/indexes/txindex
2023-04-10T23:26:04Z Opened LevelDB successfully
2023-04-10T23:26:04Z Using obfuscation key for /root/.aurum/indexes/txindex: 0000000000000000
2023-04-10T23:26:04Z init message: Loading wallet...
2023-04-10T23:26:04Z txindex thread start
2023-04-10T23:26:04Z txindex is enabled at height 46695
2023-04-10T23:26:04Z txindex thread exit
2023-04-10T23:26:04Z BerkeleyEnvironment::Open: LogDir=/root/.aurum/wallet/database ErrorFile=/root/.aurum/wallet/db.log
2023-04-10T23:26:04Z [/root/.aurum/wallet/] Wallet File Version = 169900
2023-04-10T23:26:04Z [/root/.aurum/wallet/] Keys: 2004 plaintext, 0 encrypted, 2004 w/ metadata, 2004 total. Unknown wallet records: 0
2023-04-10T23:26:04Z [/root/.aurum/wallet/] Wallet completed loading in             124ms
2023-04-10T23:26:04Z [/root/.aurum/wallet/] setKeyPool.size() = 2000
2023-04-10T23:26:04Z [/root/.aurum/wallet/] mapWallet.size() = 0
2023-04-10T23:26:04Z [/root/.aurum/wallet/] mapAddressBook.size() = 3
2023-04-10T23:26:04Z block tree size = 46696
2023-04-10T23:26:04Z nBestHeight = 46695
2023-04-10T23:26:04Z Imported mempool transactions from disk: 0 succeeded, 0 failed, 0 expired, 0 already there
2023-04-10T23:26:04Z AddLocal(161.97.83.204:9889,1)
2023-04-10T23:26:04Z Discover: IPv4 eth0: 161.97.83.204
2023-04-10T23:26:04Z Bound to [::]:9889
2023-04-10T23:26:04Z Bound to 0.0.0.0:9889
2023-04-10T23:26:04Z init message: Loading P2P addresses...
2023-04-10T23:26:04Z torcontrol thread start
2023-04-10T23:26:04Z Loaded 170 addresses from peers.dat  1ms
2023-04-10T23:26:04Z init message: Starting network threads...
2023-04-10T23:26:04Z net thread start
2023-04-10T23:26:04Z dnsseed thread start
2023-04-10T23:26:04Z opencon thread start
2023-04-10T23:26:04Z init message: Done loading
2023-04-10T23:26:04Z msghand thread start
2023-04-10T23:26:04Z addcon thread start
2023-04-10T23:26:05Z Leaving InitialBlockDownload (latching to false)
2023-04-10T23:26:05Z CreateNewBlock(): block weight: 812 txs: 0 fees: 0 sigops 400
2023-04-10T23:26:05Z New outbound peer connected: version: 70022, blocks=46695, peer=0 (full-relay)
2023-04-10T23:26:06Z New outbound peer connected: version: 70022, blocks=46695, peer=1 (full-relay)
2023-04-10T23:26:07Z New outbound peer connected: version: 70022, blocks=46695, peer=2 (full-relay)
2023-04-10T23:26:07Z New outbound peer connected: version: 70022, blocks=46695, peer=3 (full-relay)
2023-04-10T23:26:15Z P2P peers available. Skipped DNS seeding.
2023-04-10T23:26:15Z dnsseed thread exit
2023-04-10T23:29:21Z CreateNewBlock(): block weight: 2880 txs: 1 fees: 5170 sigops 404
2023-04-10T23:29:26Z ERROR: AcceptBlockHeader: Consensus::ContextualCheckBlockHeader: 00000000000000009f0e4902adc73b6e47ca2dd096cfec78ec3866396d2fa5c2, bad-diffbits, incorrect proof of work (code 16)
2023-04-10T23:29:45Z ERROR: AcceptBlockHeader: Consensus::ContextualCheckBlockHeader: 00000000000000009f0e4902adc73b6e47ca2dd096cfec78ec3866396d2fa5c2, bad-diffbits, incorrect proof of work (code 16)
2023-04-10T23:29:55Z ERROR: AcceptBlockHeader: Consensus::ContextualCheckBlockHeader: 00000000000000009f0e4902adc73b6e47ca2dd096cfec78ec3866396d2fa5c2, bad-diffbits, incorrect proof of work (code 16)
2023-04-10T23:31:06Z ERROR: AcceptBlockHeader: Consensus::ContextualCheckBlockHeader: 00000000000000009f0e4902adc73b6e47ca2dd096cfec78ec3866396d2fa5c2, bad-diffbits, incorrect proof of work (code 16)
2023-04-10T23:31:08Z ERROR: AcceptBlockHeader: Consensus::ContextualCheckBlockHeader: 00000000000000009f0e4902adc73b6e47ca2dd096cfec78ec3866396d2fa5c2, bad-diffbits, incorrect proof of work (code 16)
2023-04-10T23:31:19Z ERROR: AcceptBlockHeader: Consensus::ContextualCheckBlockHeader: 00000000000000009f0e4902adc73b6e47ca2dd096cfec78ec3866396d2fa5c2, bad-diffbits, incorrect proof of work (code 16)
2023-04-10T23:31:31Z ERROR: AcceptBlockHeader: Consensus::ContextualCheckBlockHeader: 00000000000000009f0e4902adc73b6e47ca2dd096cfec78ec3866396d2fa5c2, bad-diffbits, incorrect proof of work (code 16)
2023-04-10T23:39:43Z ERROR: AcceptBlockHeader: Consensus::ContextualCheckBlockHeader: 00000000000000009f0e4902adc73b6e47ca2dd096cfec78ec3866396d2fa5c2, bad-diffbits, incorrect proof of work (code 16)
2023-04-10T23:41:18Z CreateNewBlock(): block weight: 3541 txs: 2 fees: 6831 sigops 405
2023-04-10T23:41:32Z UpdateTip: new best=000000000000000070e7b28a6f7908450134596f93d3650e19d0adb078548a56 height=46696 version=0x20000000 log2_work=73.554813 tx=58480 date='2023-04-10T23:41:27Z' progress=1.000000 cache=0.0MiB(26txo) warning='52 of last 100 blocks have unexpected version'
2023-04-10T23:41:32Z CreateNewBlock(): block weight: 812 txs: 0 fees: 0 sigops 400
2023-04-10T23:46:28Z UpdateTip: new best=0000000000000000cf02f2402156b4b3c745c1d2f4bb3258344c627fca8344ea height=46697 version=0x20000000 log2_work=73.555667 tx=58481 date='2023-04-10T23:46:08Z' progress=0.999999 cache=0.0MiB(27txo) warning='51 of last 100 blocks have unexpected version'
2023-04-10T23:46:28Z [/root/.aurum/wallet/] AddToWallet a0ab2ab734cce132842d673e2d77e6906e2b29897db541717f94c87691255724  new
2023-04-10T23:46:28Z CreateNewBlock(): block weight: 812 txs: 0 fees: 0 sigops 400
2023-04-11T00:01:17Z CreateNewBlock(): block weight: 1473 txs: 1 fees: 1661 sigops 401
2023-04-11T00:08:48Z Potential stale tip detected, will try using extra outbound peer (last tip update: 1340 seconds ago)
2023-04-11T00:19:18Z Potential stale tip detected, will try using extra outbound peer (last tip update: 1970 seconds ago)
2023-04-11T00:29:48Z Potential stale tip detected, will try using extra outbound peer (last tip update: 2600 seconds ago)
2023-04-11T00:30:48Z ERROR: AcceptBlockHeader: Consensus::ContextualCheckBlockHeader: 00000000000000009f0e4902adc73b6e47ca2dd096cfec78ec3866396d2fa5c2, bad-diffbits, incorrect proof of work (code 16)
2023-04-11T00:40:18Z Potential stale tip detected, will try using extra outbound peer (last tip update: 3230 seconds ago)
2023-04-11T00:50:48Z Potential stale tip detected, will try using extra outbound peer (last tip update: 3860 seconds ago)
2023-04-11T01:01:18Z Potential stale tip detected, will try using extra outbound peer (last tip update: 4490 seconds ago)
2023-04-11T01:11:48Z Potential stale tip detected, will try using extra outbound peer (last tip update: 5120 seconds ago)
2023-04-11T01:20:08Z ERROR: AcceptBlockHeader: Consensus::ContextualCheckBlockHeader: 00000000000000009f0e4902adc73b6e47ca2dd096cfec78ec3866396d2fa5c2, bad-diffbits, incorrect proof of work (code 16)
2023-04-11T01:22:18Z Potential stale tip detected, will try using extra outbound peer (last tip update: 5750 seconds ago)
2023-04-11T01:32:48Z Potential stale tip detected, will try using extra outbound peer (last tip update: 6380 seconds ago)
2023-04-11T01:34:27Z ERROR: AcceptBlockHeader: Consensus::ContextualCheckBlockHeader: 00000000000000009f0e4902adc73b6e47ca2dd096cfec78ec3866396d2fa5c2, bad-diffbits, incorrect proof of work (code 16)
2023-04-11T01:43:18Z Potential stale tip detected, will try using extra outbound peer (last tip update: 7010 seconds ago)
2023-04-11T01:53:48Z Potential stale tip detected, will try using extra outbound peer (last tip update: 7640 seconds ago)
2023-04-11T01:55:54Z UpdateTip: new best=000000000000000141d4fbc68ea99a5001cbf5e1c119fef22adaf1504fb2c097 height=46698 version=0x20400000 log2_work=73.557145 tx=58482 date='2023-04-11T01:55:31Z' progress=0.999999 cache=0.0MiB(30txo) warning='51 of last 100 blocks have unexpected version'
2023-04-11T01:55:54Z CreateNewBlock(): block weight: 1473 txs: 1 fees: 1661 sigops 401
2023-04-11T01:57:56Z UpdateTip: new best=0000000000000001cc6f1213c43e2f8f762f1ed7dd0f7c4ea7d176f107a6f48d height=46699 version=0x20000000 log2_work=73.557936 tx=58483 date='2023-04-11T01:57:12Z' progress=0.999998 cache=0.0MiB(32txo) warning='50 of last 100 blocks have unexpected version'
2023-04-11T01:57:56Z CreateNewBlock(): block weight: 1473 txs: 1 fees: 1661 sigops 401
2023-04-11T01:59:39Z UpdateTip: new best=000000000000000073ef7b12ac53d95734ffa59c2887529dc5aafd6a3f6dfbdd height=46700 version=0x21558000 log2_work=73.559339 tx=58484 date='2023-04-11T01:58:57Z' progress=0.999998 cache=0.0MiB(34txo) warning='50 of last 100 blocks have unexpected version'
2023-04-11T01:59:39Z CreateNewBlock(): block weight: 1473 txs: 1 fees: 1661 sigops 401
2023-04-11T02:01:36Z UpdateTip: new best=0000000000000000e1f3bebb5dda41da0689c841078177dcb0a3738ed023ef20 height=46701 version=0x20004000 log2_work=73.56101 tx=58485 date='2023-04-11T02:00:39Z' progress=0.999998 cache=0.0MiB(36txo) warning='50 of last 100 blocks have unexpected version'
2023-04-11T02:01:36Z CreateNewBlock(): block weight: 1473 txs: 1 fees: 1661 sigops 401
2023-04-11T02:05:01Z UpdateTip: new best=0000000000000000bad12df288ab913c3450b34f70f6301c5bc4378496898d5c height=46702 version=0x3fffe000 log2_work=73.563362 tx=58486 date='2023-04-11T02:04:37Z' progress=0.999999 cache=0.0MiB(38txo) warning='50 of last 100 blocks have unexpected version'
2023-04-11T02:05:02Z CreateNewBlock(): block weight: 1473 txs: 1 fees: 1661 sigops 401
2023-04-11T02:05:44Z UpdateTip: new best=0000000000000000769eb5292f6daefd9745c2a8825de82f5ddb0c2ebdc17df4 height=46703 version=0x20008000 log2_work=73.566461 tx=58487 date='2023-04-11T02:05:02Z' progress=0.999998 cache=0.0MiB(40txo) warning='50 of last 100 blocks have unexpected version'
2023-04-11T02:05:44Z CreateNewBlock(): block weight: 1473 txs: 1 fees: 1661 sigops 401
2023-04-11T02:35:48Z Potential stale tip detected, will try using extra outbound peer (last tip update: 1804 seconds ago)
2023-04-11T02:46:18Z Potential stale tip detected, will try using extra outbound peer (last tip update: 2434 seconds ago)
2023-04-11T02:56:48Z Potential stale tip detected, will try using extra outbound peer (last tip update: 3064 seconds ago)
2023-04-11T03:07:18Z Potential stale tip detected, will try using extra outbound peer (last tip update: 3694 seconds ago)
2023-04-11T03:17:48Z Potential stale tip detected, will try using extra outbound peer (last tip update: 4324 seconds ago)
2023-04-11T03:25:03Z UpdateTip: new best=000000000000000042cc8eb8a5ce7b70fdb674bd95974a1cb299ecdb8cca158f height=46704 version=0x20600000 log2_work=73.57065 tx=58488 date='2023-04-11T03:24:44Z' progress=0.999999 cache=0.0MiB(42txo) warning='50 of last 100 blocks have unexpected version'
2023-04-11T03:25:03Z CreateNewBlock(): block weight: 1473 txs: 1 fees: 1661 sigops 401
2023-04-11T03:26:06Z UpdateTip: new best=00000000000000001a2259afc135fbe33cbc9f0ec8fa890ca9255d6607039c51 height=46705 version=0x37ffe000 log2_work=73.573142 tx=58489 date='2023-04-11T03:26:04Z' progress=1.000000 cache=0.0MiB(44txo) warning='50 of last 100 blocks have unexpected version'
2023-04-11T03:26:06Z CreateNewBlock(): block weight: 1473 txs: 1 fees: 1661 sigops 401
2023-04-11T03:27:21Z UpdateTip: new best=00000000000000000f442ef2832f0e297caef90d6b4df1f1f5628cb54b817c85 height=46706 version=0x20000000 log2_work=73.57745 tx=58490 date='2023-04-11T03:27:07Z' progress=0.999999 cache=0.0MiB(46txo) warning='49 of last 100 blocks have unexpected version'
2023-04-11T03:27:21Z CreateNewBlock(): block weight: 1473 txs: 1 fees: 1661 sigops 401
2023-04-11T03:30:48Z UpdateTip: new best=0000000000000000254a333cbdc338b8141c2d26b30e05a13f1c9382544f9e8b height=46707 version=0x27ffe000 log2_work=73.582626 tx=58491 date='2023-04-11T03:30:22Z' progress=0.999999 cache=0.0MiB(48txo) warning='49 of last 100 blocks have unexpected version'
2023-04-11T03:30:48Z CreateNewBlock(): block weight: 1473 txs: 1 fees: 1661 sigops 401
2023-04-11T03:59:48Z Potential stale tip detected, will try using extra outbound peer (last tip update: 1740 seconds ago)
2023-04-11T04:05:40Z UpdateTip: new best=00000000000000000f8e0925217bbc52368ade72bf01a8d0ed844ffb90dc1bec height=46708 version=0x20200000 log2_work=73.589862 tx=58492 date='2023-04-11T04:04:48Z' progress=0.999998 cache=0.0MiB(50txo) warning='49 of last 100 blocks have unexpected version'
2023-04-11T04:05:40Z CreateNewBlock(): block weight: 1473 txs: 1 fees: 1661 sigops 401
2023-04-11T04:06:21Z UpdateTip: new best=000000000000000049af200d2f4a97b3afb2e504b3c900ade99109afdc241f8e height=46709 version=0x20000000 log2_work=73.594096 tx=58493 date='2023-04-11T04:05:40Z' progress=0.999998 cache=0.0MiB(52txo) warning='48 of last 100 blocks have unexpected version'
2023-04-11T04:06:21Z CreateNewBlock(): block weight: 1473 txs: 1 fees: 1661 sigops 401
2023-04-11T04:08:35Z UpdateTip: new best=00000000000000002e51761c5ea4b2f6b8e9e390155ee85d8bb6efd1505f5c2e height=46710 version=0x312ac000 log2_work=73.601431 tx=58494 date='2023-04-11T04:08:22Z' progress=0.999999 cache=0.0MiB(54txo) warning='49 of last 100 blocks have unexpected version'
2023-04-11T04:08:35Z CreateNewBlock(): block weight: 1473 txs: 1 fees: 1661 sigops 401
2023-04-11T04:30:13Z UpdateTip: new best=000000000000000019a921ad536f52a708e9034f1f9961b44b004d64fa10d352 height=46711 version=0x22c6c000 log2_work=73.610209 tx=58495 date='2023-04-11T04:29:36Z' progress=0.999999 cache=0.0MiB(56txo) warning='49 of last 100 blocks have unexpected version'
2023-04-11T04:30:13Z CreateNewBlock(): block weight: 1473 txs: 1 fees: 1661 sigops 401
2023-04-11T04:35:07Z UpdateTip: new best=000000000000000050b7dab5c2a4acd8110741135703bc09dafff757ca2c54d4 height=46712 version=0x24e30000 log2_work=73.615662 tx=58496 date='2023-04-11T04:34:13Z' progress=0.999998 cache=0.0MiB(58txo) warning='49 of last 100 blocks have unexpected version'
2023-04-11T04:35:07Z CreateNewBlock(): block weight: 1473 txs: 1 fees: 1661 sigops 401
2023-04-11T04:49:04Z CreateNewBlock(): block weight: 2357 txs: 2 fees: 3872 sigops 401
2023-04-11T05:01:35Z UpdateTip: new best=000000000000000020c60b6ddadd1a774388d5b6d1f88f31e4e415f4f4d9cf46 height=46713 version=0x20600000 log2_work=73.624965 tx=58498 date='2023-04-11T05:01:08Z' progress=0.999999 cache=0.0MiB(63txo) warning='49 of last 100 blocks have unexpected version'
2023-04-11T05:01:35Z CreateNewBlock(): block weight: 1473 txs: 1 fees: 1661 sigops 401
2023-04-11T05:05:15Z UpdateTip: new best=000000000000000056c6797efb8325ef49ba5006b1fb41371f3e539463c66c13 height=46714 version=0x20200000 log2_work=73.629949 tx=58499 date='2023-04-11T05:04:35Z' progress=0.999998 cache=0.0MiB(65txo) warning='49 of last 100 blocks have unexpected version'
2023-04-11T05:05:15Z CreateNewBlock(): block weight: 1473 txs: 1 fees: 1661 sigops 401
2023-04-11T05:34:18Z Potential stale tip detected, will try using extra outbound peer (last tip update: 1743 seconds ago)
2023-04-11T05:44:48Z Potential stale tip detected, will try using extra outbound peer (last tip update: 2373 seconds ago)
2023-04-11T05:55:18Z Potential stale tip detected, will try using extra outbound peer (last tip update: 3003 seconds ago)
2023-04-11T06:00:09Z ERROR: AcceptBlockHeader: Consensus::ContextualCheckBlockHeader: 00000000000000009f0e4902adc73b6e47ca2dd096cfec78ec3866396d2fa5c2, bad-diffbits, incorrect proof of work (code 16)
2023-04-11T06:05:48Z Potential stale tip detected, will try using extra outbound peer (last tip update: 3633 seconds ago)
2023-04-11T06:16:18Z Potential stale tip detected, will try using extra outbound peer (last tip update: 4263 seconds ago)
2023-04-11T06:24:01Z CreateNewBlock(): block weight: 2497 txs: 2 fees: 4222 sigops 403
2023-04-11T06:26:48Z Potential stale tip detected, will try using extra outbound peer (last tip update: 4893 seconds ago)
2023-04-11T06:37:18Z Potential stale tip detected, will try using extra outbound peer (last tip update: 5523 seconds ago)
2023-04-11T06:47:48Z Potential stale tip detected, will try using extra outbound peer (last tip update: 6153 seconds ago)
2023-04-11T06:58:18Z Potential stale tip detected, will try using extra outbound peer (last tip update: 6783 seconds ago)
2023-04-11T07:08:48Z Potential stale tip detected, will try using extra outbound peer (last tip update: 7413 seconds ago)
2023-04-11T07:19:18Z Potential stale tip detected, will try using extra outbound peer (last tip update: 8043 seconds ago)
2023-04-11T07:29:48Z Potential stale tip detected, will try using extra outbound peer (last tip update: 8673 seconds ago)
2023-04-11T07:40:18Z Potential stale tip detected, will try using extra outbound peer (last tip update: 9303 seconds ago)
2023-04-11T07:50:48Z Potential stale tip detected, will try using extra outbound peer (last tip update: 9933 seconds ago)
2023-04-11T07:57:19Z UpdateTip: new best=00000000000000000918a06bfbaa3ed3d7764aebd887f43ae65f633fe802328b height=46715 version=0x20002000 log2_work=73.638743 tx=58501 date='2023-04-11T07:57:16Z' progress=1.000000 cache=0.0MiB(69txo) warning='49 of last 100 blocks have unexpected version'
2023-04-11T07:57:19Z CreateNewBlock(): block weight: 1473 txs: 1 fees: 1661 sigops 401
2023-04-11T08:03:32Z CreateNewBlock(): block weight: 13750 txs: 2 fees: 32385 sigops 434
2023-04-11T08:22:19Z Potential stale tip detected, will try using extra outbound peer (last tip update: 1499 seconds ago)
2023-04-11T08:32:49Z Potential stale tip detected, will try using extra outbound peer (last tip update: 2129 seconds ago)
2023-04-11T08:37:55Z CreateNewBlock(): block weight: 18856 txs: 3 fees: 45165 sigops 444
2023-04-11T08:43:19Z Potential stale tip detected, will try using extra outbound peer (last tip update: 2759 seconds ago)
2023-04-11T08:53:49Z Potential stale tip detected, will try using extra outbound peer (last tip update: 3390 seconds ago)
2023-04-11T09:04:19Z Potential stale tip detected, will try using extra outbound peer (last tip update: 4020 seconds ago)
2023-04-11T09:14:49Z Potential stale tip detected, will try using extra outbound peer (last tip update: 4650 seconds ago)
2023-04-11T09:25:19Z Potential stale tip detected, will try using extra outbound peer (last tip update: 5280 seconds ago)
2023-04-11T09:32:47Z UpdateTip: new best=00000000000000000ae1ce2d04e34fbf79744db895e721a5129531e1eb67ce1c height=46716 version=0x32b80000 log2_work=73.643383 tx=58504 date='2023-04-11T09:32:20Z' progress=0.999999 cache=0.0MiB(112txo) warning='49 of last 100 blocks have unexpected version'
2023-04-11T09:32:47Z CreateNewBlock(): block weight: 1473 txs: 1 fees: 1661 sigops 401
2023-04-11T09:45:30Z UpdateTip: new best=000000000000000059520a28a13f55271359d635497f7e70cf37782fbaa8175b height=46717 version=0x20004000 log2_work=73.64704 tx=58505 date='2023-04-11T09:44:47Z' progress=0.999998 cache=0.0MiB(114txo) warning='49 of last 100 blocks have unexpected version'
2023-04-11T09:45:30Z CreateNewBlock(): block weight: 1473 txs: 1 fees: 1661 sigops 401
2023-04-11T09:54:50Z UpdateTip: new best=000000000000000010dffd4ba6aa9058580a3682f03cc216d8ad42638552c0d7 height=46718 version=0x3066c000 log2_work=73.651449 tx=58506 date='2023-04-11T09:54:31Z' progress=0.999999 cache=0.0MiB(116txo) warning='49 of last 100 blocks have unexpected version'
2023-04-11T09:54:50Z CreateNewBlock(): block weight: 1473 txs: 1 fees: 1661 sigops 401
2023-04-11T10:17:49Z Potential stale tip detected, will try using extra outbound peer (last tip update: 1379 seconds ago)
2023-04-11T10:28:19Z Potential stale tip detected, will try using extra outbound peer (last tip update: 2009 seconds ago)
2023-04-11T10:38:49Z Potential stale tip detected, will try using extra outbound peer (last tip update: 2639 seconds ago)
2023-04-11T10:49:19Z Potential stale tip detected, will try using extra outbound peer (last tip update: 3269 seconds ago)
2023-04-11T10:59:49Z Potential stale tip detected, will try using extra outbound peer (last tip update: 3899 seconds ago)
2023-04-11T11:08:57Z UpdateTip: new best=00000000000000001e1c1b0cd10d8bb76a550bc4226c34f327e2cec67ef67535 height=46719 version=0x24b78000 log2_work=73.657357 tx=58507 date='2023-04-11T11:08:55Z' progress=1.000000 cache=0.0MiB(118txo) warning='49 of last 100 blocks have unexpected version'
2023-04-11T11:08:57Z CreateNewBlock(): block weight: 1473 txs: 1 fees: 1661 sigops 401
2023-04-11T11:23:39Z CreateNewBlock(): block weight: 2134 txs: 2 fees: 3322 sigops 402
2023-04-11T11:25:00Z CreateNewBlock(): block weight: 2703 txs: 3 fees: 4753 sigops 403
2023-04-11T11:30:27Z UpdateTip: new best=00000000000000001afde3499b186acf81ebabfd628a2b3cc4036632fe1b3b6c height=46720 version=0x2a28c000 log2_work=73.660878 tx=58510 date='2023-04-11T11:29:57Z' progress=0.999999 cache=0.0MiB(126txo) warning='49 of last 100 blocks have unexpected version'
2023-04-11T11:30:27Z CreateNewBlock(): block weight: 1473 txs: 1 fees: 1661 sigops 401
2023-04-11T11:51:54Z CreateNewBlock(): block weight: 2860 txs: 2 fees: 5133 sigops 404
2023-04-11T11:52:19Z Potential stale tip detected, will try using extra outbound peer (last tip update: 1312 seconds ago)
2023-04-11T11:55:20Z UpdateTip: new best=00000000000000003dbb68aca769fc8e7d8ef6551c1636ee7ee0988216cab61b height=46721 version=0x30f84000 log2_work=73.663583 tx=58512 date='2023-04-11T11:54:28Z' progress=0.999998 cache=0.0MiB(131txo) warning='49 of last 100 blocks have unexpected version'
2023-04-11T11:55:20Z CreateNewBlock(): block weight: 1473 txs: 1 fees: 1661 sigops 401
2023-04-11T12:03:31Z CreateNewBlock(): block weight: 3457 txs: 2 fees: 8665 sigops 406
2023-04-11T12:23:49Z Potential stale tip detected, will try using extra outbound peer (last tip update: 1709 seconds ago)
2023-04-11T12:34:19Z Potential stale tip detected, will try using extra outbound peer (last tip update: 2339 seconds ago)
2023-04-11T12:44:49Z Potential stale tip detected, will try using extra outbound peer (last tip update: 2969 seconds ago)
2023-04-11T12:55:19Z Potential stale tip detected, will try using extra outbound peer (last tip update: 3599 seconds ago)
2023-04-11T13:05:49Z Potential stale tip detected, will try using extra outbound peer (last tip update: 4229 seconds ago)
2023-04-11T13:16:19Z Potential stale tip detected, will try using extra outbound peer (last tip update: 4859 seconds ago)
2023-04-11T13:26:49Z Potential stale tip detected, will try using extra outbound peer (last tip update: 5489 seconds ago)
2023-04-11T13:29:52Z CreateNewBlock(): block weight: 26677 txs: 3 fees: 66755 sigops 406
2023-04-11T13:37:19Z Potential stale tip detected, will try using extra outbound peer (last tip update: 6119 seconds ago)
2023-04-11T13:38:15Z ERROR: AcceptBlockHeader: Consensus::ContextualCheckBlockHeader: 00000000000000009f0e4902adc73b6e47ca2dd096cfec78ec3866396d2fa5c2, bad-diffbits, incorrect proof of work (code 16)
2023-04-11T13:45:17Z UpdateTip: new best=0000000000000000be0847c2ce4d9344f02980f7db64be94b2f6ec2cd9cbc4bf height=46722 version=0x20016000 log2_work=73.665533 tx=58515 date='2023-04-11T13:44:21Z' progress=0.999998 cache=0.0MiB(172txo) warning='49 of last 100 blocks have unexpected version'
2023-04-11T13:45:17Z CreateNewBlock(): block weight: 1473 txs: 1 fees: 1661 sigops 401
2023-04-11T13:45:40Z CreateNewBlock(): block weight: 2038 txs: 2 fees: 2802 sigops 402
2023-04-11T13:47:08Z UpdateTip: new best=00000000000000006504816d40bdd2e016f952dada644d7aa8a6c7af7642d227 height=46723 version=0x20000000 log2_work=73.666964 tx=58518 date='2023-04-11T13:47:03Z' progress=1.000000 cache=0.0MiB(176txo) warning='48 of last 100 blocks have unexpected version'
2023-04-11T13:47:08Z CreateNewBlock(): block weight: 812 txs: 0 fees: 0 sigops 400
2023-04-11T13:50:19Z CreateNewBlock(): block weight: 1381 txs: 1 fees: 1431 sigops 401
2023-04-11T14:08:49Z Potential stale tip detected, will try using extra outbound peer (last tip update: 1301 seconds ago)
2023-04-11T14:19:19Z Potential stale tip detected, will try using extra outbound peer (last tip update: 1931 seconds ago)
2023-04-11T14:20:04Z CreateNewBlock(): block weight: 2042 txs: 2 fees: 3092 sigops 402
2023-04-11T14:29:49Z Potential stale tip detected, will try using extra outbound peer (last tip update: 2561 seconds ago)
2023-04-11T14:40:05Z CreateNewBlock(): block weight: 2703 txs: 3 fees: 4753 sigops 403
2023-04-11T14:40:19Z Potential stale tip detected, will try using extra outbound peer (last tip update: 3191 seconds ago)
2023-04-11T14:50:49Z Potential stale tip detected, will try using extra outbound peer (last tip update: 3821 seconds ago)
2023-04-11T14:55:02Z CreateNewBlock(): block weight: 3364 txs: 4 fees: 6414 sigops 404
2023-04-11T15:00:06Z CreateNewBlock(): block weight: 4388 txs: 5 fees: 8975 sigops 406
2023-04-11T15:01:19Z Potential stale tip detected, will try using extra outbound peer (last tip update: 4451 seconds ago)
2023-04-11T15:11:49Z Potential stale tip detected, will try using extra outbound peer (last tip update: 5081 seconds ago)
2023-04-11T15:22:19Z Potential stale tip detected, will try using extra outbound peer (last tip update: 5711 seconds ago)
2023-04-11T15:23:44Z socket recv error Connection timed out (110)
2023-04-11T15:23:48Z socket recv error Connection timed out (110)
2023-04-11T15:24:21Z socket recv error Connection timed out (110)
2023-04-11T15:24:42Z socket recv error Connection timed out (110)
2023-04-11T15:24:48Z socket recv error Connection timed out (110)
2023-04-11T15:24:52Z socket recv error Connection timed out (110)
2023-04-11T15:25:06Z socket recv error Connection timed out (110)
2023-04-11T15:25:18Z socket recv error Connection timed out (110)
2023-04-11T15:25:20Z socket recv error Connection timed out (110)
2023-04-11T15:25:37Z socket recv error Connection timed out (110)
2023-04-11T15:25:41Z socket recv error Connection timed out (110)
2023-04-11T15:26:16Z socket recv error Connection timed out (110)
2023-04-11T15:26:30Z socket recv error Connection timed out (110)
2023-04-11T15:32:49Z Potential stale tip detected, will try using extra outbound peer (last tip update: 6341 seconds ago)
2023-04-11T15:43:19Z Potential stale tip detected, will try using extra outbound peer (last tip update: 6971 seconds ago)
2023-04-11T15:53:49Z Potential stale tip detected, will try using extra outbound peer (last tip update: 7601 seconds ago)
2023-04-11T16:04:19Z Potential stale tip detected, will try using extra outbound peer (last tip update: 8231 seconds ago)
2023-04-11T16:09:25Z New outbound peer connected: version: 70022, blocks=46723, peer=112 (full-relay)
2023-04-11T16:11:46Z New outbound peer connected: version: 70022, blocks=46723, peer=115 (full-relay)
2023-04-11T16:14:49Z Potential stale tip detected, will try using extra outbound peer (last tip update: 8861 seconds ago)
2023-04-11T16:16:31Z New outbound peer connected: version: 70022, blocks=46723, peer=118 (full-relay)
2023-04-11T16:25:19Z Potential stale tip detected, will try using extra outbound peer (last tip update: 9491 seconds ago)
2023-04-11T16:35:49Z Potential stale tip detected, will try using extra outbound peer (last tip update: 10121 seconds ago)
2023-04-11T16:46:19Z Potential stale tip detected, will try using extra outbound peer (last tip update: 10751 seconds ago)
2023-04-11T16:47:09Z UpdateTip: new best=000000000000000016adc7a6d868de566d4fd0334dfd9f018c622d11688484f7 height=46724 version=0x20000000 log2_work=73.669315 tx=58525 date='2023-04-11T16:46:19Z' progress=0.999998 cache=0.0MiB(192txo) warning='47 of last 100 blocks have unexpected version'
2023-04-11T16:47:09Z CreateNewBlock(): block weight: 812 txs: 0 fees: 0 sigops 400
2023-04-11T17:17:49Z Potential stale tip detected, will try using extra outbound peer (last tip update: 1840 seconds ago)
2023-04-11T17:23:10Z CreateNewBlock(): block weight: 2562 txs: 1 fees: 4383 sigops 404
2023-04-11T17:25:03Z CreateNewBlock(): block weight: 3586 txs: 2 fees: 6944 sigops 406
2023-04-11T17:28:19Z Potential stale tip detected, will try using extra outbound peer (last tip update: 2470 seconds ago)
2023-04-11T17:38:49Z Potential stale tip detected, will try using extra outbound peer (last tip update: 3100 seconds ago)
2023-04-11T17:49:19Z Potential stale tip detected, will try using extra outbound peer (last tip update: 3730 seconds ago)
2023-04-11T17:59:49Z Potential stale tip detected, will try using extra outbound peer (last tip update: 4360 seconds ago)
2023-04-11T18:08:52Z socket recv error Connection timed out (110)
2023-04-11T18:10:19Z Potential stale tip detected, will try using extra outbound peer (last tip update: 4990 seconds ago)
2023-04-11T18:11:56Z socket receive timeout: 1201s
2023-04-11T18:15:02Z CreateNewBlock(): block weight: 4247 txs: 3 fees: 8605 sigops 407
2023-04-11T18:20:49Z Potential stale tip detected, will try using extra outbound peer (last tip update: 5620 seconds ago)
2023-04-11T18:31:19Z Potential stale tip detected, will try using extra outbound peer (last tip update: 6250 seconds ago)
2023-04-11T18:41:49Z Potential stale tip detected, will try using extra outbound peer (last tip update: 6880 seconds ago)
2023-04-11T18:45:02Z CreateNewBlock(): block weight: 4908 txs: 4 fees: 10266 sigops 408
2023-04-11T18:52:19Z Potential stale tip detected, will try using extra outbound peer (last tip update: 7510 seconds ago)
2023-04-11T19:00:02Z CreateNewBlock(): block weight: 5569 txs: 5 fees: 11927 sigops 409
2023-04-11T19:02:49Z Potential stale tip detected, will try using extra outbound peer (last tip update: 8140 seconds ago)
2023-04-11T19:05:04Z CreateNewBlock(): block weight: 6230 txs: 6 fees: 13588 sigops 410
2023-04-11T19:05:41Z socket recv error Connection reset by peer (104)
2023-04-11T19:13:19Z Potential stale tip detected, will try using extra outbound peer (last tip update: 8770 seconds ago)
2023-04-11T19:23:49Z Potential stale tip detected, will try using extra outbound peer (last tip update: 9400 seconds ago)
2023-04-11T19:34:19Z Potential stale tip detected, will try using extra outbound peer (last tip update: 10030 seconds ago)
2023-04-11T19:34:51Z socket recv error Connection timed out (110)
2023-04-11T19:42:28Z socket recv error Connection timed out (110)
2023-04-11T19:42:48Z socket recv error Connection timed out (110)
2023-04-11T19:42:57Z socket recv error Connection timed out (110)
2023-04-11T19:43:01Z socket recv error Connection timed out (110)
2023-04-11T19:43:01Z socket recv error Connection timed out (110)
2023-04-11T19:43:13Z socket recv error Connection timed out (110)
2023-04-11T19:43:21Z socket recv error Connection timed out (110)
2023-04-11T19:43:23Z socket recv error Connection timed out (110)
2023-04-11T19:43:29Z socket recv error Connection timed out (110)
2023-04-11T19:43:34Z socket recv error Connection timed out (110)
2023-04-11T19:43:46Z socket recv error Connection timed out (110)
2023-04-11T19:43:46Z socket recv error Connection timed out (110)
2023-04-11T19:43:52Z socket recv error Connection timed out (110)
2023-04-11T19:43:56Z socket recv error Connection timed out (110)
2023-04-11T19:44:14Z socket recv error Connection timed out (110)
2023-04-11T19:44:17Z socket recv error Connection timed out (110)
2023-04-11T19:44:27Z socket recv error Connection timed out (110)
2023-04-11T19:44:31Z socket recv error Connection timed out (110)
2023-04-11T19:44:41Z socket recv error Connection timed out (110)
2023-04-11T19:44:49Z Potential stale tip detected, will try using extra outbound peer (last tip update: 10660 seconds ago)
2023-04-11T19:44:49Z socket recv error Connection timed out (110)
2023-04-11T19:45:30Z socket recv error Connection timed out (110)
2023-04-11T19:55:19Z Potential stale tip detected, will try using extra outbound peer (last tip update: 11290 seconds ago)
2023-04-11T20:05:49Z Potential stale tip detected, will try using extra outbound peer (last tip update: 11920 seconds ago)
2023-04-11T20:16:19Z Potential stale tip detected, will try using extra outbound peer (last tip update: 12550 seconds ago)
2023-04-11T20:26:49Z Potential stale tip detected, will try using extra outbound peer (last tip update: 13180 seconds ago)
2023-04-11T20:27:57Z New outbound peer connected: version: 70022, blocks=46724, peer=137 (full-relay)
2023-04-11T20:34:11Z New outbound peer connected: version: 70022, blocks=46724, peer=145 (full-relay)
2023-04-11T20:34:37Z New outbound peer connected: version: 70022, blocks=46724, peer=146 (full-relay)
2023-04-11T20:35:02Z New outbound peer connected: version: 70022, blocks=46724, peer=147 (full-relay)
2023-04-11T20:35:16Z New outbound peer connected: version: 70022, blocks=46724, peer=148 (full-relay)
2023-04-11T20:35:24Z New outbound peer connected: version: 70022, blocks=46724, peer=149 (full-relay)
2023-04-11T20:35:33Z New outbound peer connected: version: 70022, blocks=46724, peer=150 (full-relay)
2023-04-11T20:37:19Z Potential stale tip detected, will try using extra outbound peer (last tip update: 13810 seconds ago)
2023-04-11T20:47:49Z Potential stale tip detected, will try using extra outbound peer (last tip update: 14440 seconds ago)
2023-04-11T20:58:19Z Potential stale tip detected, will try using extra outbound peer (last tip update: 15070 seconds ago)
2023-04-11T21:02:59Z socket recv error Connection timed out (110)
2023-04-11T21:03:22Z socket recv error Connection timed out (110)
2023-04-11T21:03:24Z socket recv error Connection timed out (110)
2023-04-11T21:03:24Z socket recv error Connection timed out (110)
2023-04-11T21:03:34Z socket recv error Connection timed out (110)
2023-04-11T21:03:38Z socket recv error Connection timed out (110)
2023-04-11T21:03:50Z socket recv error Connection timed out (110)
2023-04-11T21:03:55Z socket recv error Connection timed out (110)
2023-04-11T21:03:59Z socket recv error Connection timed out (110)
2023-04-11T21:04:03Z socket recv error Connection timed out (110)
2023-04-11T21:04:03Z socket recv error Connection timed out (110)
2023-04-11T21:04:31Z socket recv error Connection timed out (110)
2023-04-11T21:04:34Z socket receive timeout: 1201s
2023-04-11T21:04:35Z socket receive timeout: 1201s
2023-04-11T21:04:35Z socket recv error Connection timed out (110)
2023-04-11T21:04:40Z socket recv error Connection timed out (110)
2023-04-11T21:04:44Z socket recv error Connection timed out (110)
2023-04-11T21:05:00Z socket recv error Connection timed out (110)
2023-04-11T21:05:04Z socket recv error Connection timed out (110)
2023-04-11T21:05:12Z socket recv error Connection timed out (110)
2023-04-11T21:05:14Z socket recv error Connection timed out (110)
2023-04-11T21:05:41Z socket recv error Connection timed out (110)
2023-04-11T21:06:18Z socket recv error Connection timed out (110)
2023-04-11T21:08:49Z Potential stale tip detected, will try using extra outbound peer (last tip update: 15700 seconds ago)
2023-04-11T21:19:19Z Potential stale tip detected, will try using extra outbound peer (last tip update: 16330 seconds ago)
2023-04-11T21:29:49Z Potential stale tip detected, will try using extra outbound peer (last tip update: 16960 seconds ago)
2023-04-11T21:40:19Z Potential stale tip detected, will try using extra outbound peer (last tip update: 17590 seconds ago)
2023-04-11T21:50:49Z Potential stale tip detected, will try using extra outbound peer (last tip update: 18220 seconds ago)
2023-04-11T22:01:19Z Potential stale tip detected, will try using extra outbound peer (last tip update: 18850 seconds ago)
2023-04-11T22:06:02Z socket recv error Connection timed out (110)
2023-04-11T22:11:49Z Potential stale tip detected, will try using extra outbound peer (last tip update: 19480 seconds ago)
2023-04-11T22:22:19Z Potential stale tip detected, will try using extra outbound peer (last tip update: 20110 seconds ago)
2023-04-11T22:32:49Z Potential stale tip detected, will try using extra outbound peer (last tip update: 20740 seconds ago)
2023-04-11T22:43:19Z Potential stale tip detected, will try using extra outbound peer (last tip update: 21370 seconds ago)
2023-04-11T22:53:49Z Potential stale tip detected, will try using extra outbound peer (last tip update: 22000 seconds ago)
2023-04-11T23:04:19Z Potential stale tip detected, will try using extra outbound peer (last tip update: 22630 seconds ago)
2023-04-11T23:08:54Z socket recv error Connection timed out (110)
2023-04-11T23:14:49Z Potential stale tip detected, will try using extra outbound peer (last tip update: 23260 seconds ago)
2023-04-11T23:25:19Z Potential stale tip detected, will try using extra outbound peer (last tip update: 23890 seconds ago)
2023-04-11T23:35:49Z Potential stale tip detected, will try using extra outbound peer (last tip update: 24520 seconds ago)
2023-04-11T23:46:19Z Potential stale tip detected, will try using extra outbound peer (last tip update: 25150 seconds ago)
2023-04-11T23:52:56Z socket recv error Connection reset by peer (104)
2023-04-11T23:56:49Z Potential stale tip detected, will try using extra outbound peer (last tip update: 25780 seconds ago)
2023-04-12T00:07:19Z Potential stale tip detected, will try using extra outbound peer (last tip update: 26410 seconds ago)
2023-04-12T00:17:49Z Potential stale tip detected, will try using extra outbound peer (last tip update: 27040 seconds ago)
2023-04-12T00:28:19Z Potential stale tip detected, will try using extra outbound peer (last tip update: 27670 seconds ago)
2023-04-12T00:38:49Z Potential stale tip detected, will try using extra outbound peer (last tip update: 28300 seconds ago)
2023-04-12T00:49:19Z Potential stale tip detected, will try using extra outbound peer (last tip update: 28930 seconds ago)
2023-04-12T00:55:11Z ERROR: AcceptBlockHeader: Consensus::ContextualCheckBlockHeader: 00000000000000009f0e4902adc73b6e47ca2dd096cfec78ec3866396d2fa5c2, bad-diffbits, incorrect proof of work (code 16)
2023-04-12T00:55:35Z UpdateTip: new best=000000000000000006eff78dbc0d108925b80baa7c1163fa58da63f84867f0d0 height=46725 version=0x20c00000 log2_work=73.670604 tx=58540 date='2023-04-11T23:53:10Z' progress=0.999851 cache=0.0MiB(228txo) warning='47 of last 100 blocks have unexpected version'
2023-04-12T00:55:35Z UpdateTip: new best=0000000000000000eb7c06c8f78bdc3f3fdd972b903f759d6b677503809ce017 height=46726 version=0x20000000 log2_work=73.671614 tx=58541 date='2023-04-11T23:54:47Z' progress=0.999854 cache=0.0MiB(1txo) warning='46 of last 100 blocks have unexpected version'
2023-04-12T00:55:35Z UpdateTip: new best=0000000000000000101c3d2afb1dfce4b46d2a54a573fe4d935f5f807632f113 height=46727 version=0x20000000 log2_work=73.673245 tx=58543 date='2023-04-12T00:14:26Z' progress=0.999902 cache=0.0MiB(5txo) warning='45 of last 100 blocks have unexpected version'
2023-04-12T00:55:35Z UpdateTip: new best=00000000000000006ec46065d2fa105333d4fdf428339c85ec66e801e3741ef0 height=46728 version=0x20200000 log2_work=73.674209 tx=58545 date='2023-04-12T00:43:25Z' progress=0.999971 cache=0.0MiB(10txo) warning='45 of last 100 blocks have unexpected version'
2023-04-12T00:55:35Z CreateNewBlock(): block weight: 812 txs: 0 fees: 0 sigops 400
2023-04-12T00:58:42Z New outbound peer connected: version: 70022, blocks=46728, peer=164 (full-relay)
2023-04-12T00:59:28Z New outbound peer connected: version: 70022, blocks=46728, peer=165 (full-relay)
2023-04-12T00:59:34Z New outbound peer connected: version: 70022, blocks=46728, peer=166 (full-relay)
2023-04-12T00:59:59Z New outbound peer connected: version: 70022, blocks=46728, peer=168 (full-relay)
2023-04-12T01:00:13Z New outbound peer connected: version: 70022, blocks=46728, peer=169 (full-relay)
2023-04-12T01:02:44Z ERROR: AcceptBlockHeader: Consensus::ContextualCheckBlockHeader: 00000000000000009f0e4902adc73b6e47ca2dd096cfec78ec3866396d2fa5c2, bad-diffbits, incorrect proof of work (code 16)
2023-04-12T01:02:54Z ERROR: AcceptBlockHeader: Consensus::ContextualCheckBlockHeader: 00000000000000009f0e4902adc73b6e47ca2dd096cfec78ec3866396d2fa5c2, bad-diffbits, incorrect proof of work (code 16)
2023-04-12T01:04:48Z ERROR: AcceptBlockHeader: Consensus::ContextualCheckBlockHeader: 00000000000000009f0e4902adc73b6e47ca2dd096cfec78ec3866396d2fa5c2, bad-diffbits, incorrect proof of work (code 16)
2023-04-12T01:10:02Z tor: Thread interrupt
2023-04-12T01:10:02Z addcon thread exit
2023-04-12T01:10:02Z Shutdown: In progress...
2023-04-12T01:10:02Z torcontrol thread exit
2023-04-12T01:10:02Z net thread exit
2023-04-12T01:10:03Z msghand thread exit
2023-04-12T01:10:04Z opencon thread exit
2023-04-12T01:10:04Z scheduler thread interrupt
2023-04-12T01:10:05Z Dumped mempool: 5.9e-05s to copy, 0.040978s to dump
2023-04-12T01:10:05Z [/root/.aurum/wallet/] Releasing wallet
2023-04-12T01:10:05Z Shutdown: done
